TN:
SF:src\components\Contact.js
FN:1,(anonymous_0)
FNF:1
FNH:1
FNDA:3,(anonymous_0)
DA:1,1
DA:2,3
LF:2
LH:2
BRF:0
BRH:0
end_of_record
TN:
SF:src\components\RestaurantContainer.js
FN:3,(anonymous_0)
FN:25,(anonymous_1)
FN:26,(anonymous_2)
FNF:3
FNH:1
FNDA:1,(anonymous_0)
FNDA:0,(anonymous_1)
FNDA:0,(anonymous_2)
DA:3,1
DA:4,1
DA:6,1
DA:7,1
DA:25,1
DA:26,0
DA:27,0
LF:7
LH:5
BRF:0
BRH:0
end_of_record
TN:
SF:src\utils\constants.js
FNF:0
FNH:0
DA:2,1
DA:5,1
DA:8,1
LF:3
LH:3
BRF:0
BRH:0
end_of_record
